<?xml version="1.0" encoding="UTF-8"?>
<testsuite xmlns:xsi="http://www.w3.org/2001/XMLSchema-instance" xsi:noNamespaceSchemaLocation="https://maven.apache.org/surefire/maven-surefire-plugin/xsd/surefire-test-report.xsd" version="3.0.2" name="cn.edu.hzcu.yrx.demo.Schoolwork7ApplicationTests" time="2.367" tests="13" errors="0" skipped="0" failures="0">
  <properties>
[...]
</properties>
  <testcase name="testFindStudent" classname="cn.edu.hzcu.yrx.demo.Schoolwork7ApplicationTests" time="0.507">
    <system-out><![CDATA[07:24:51.096 [main] INFO org.springframework.test.context.support.AnnotationConfigContextLoaderUtils -- Could not detect default configuration classes for test class [cn.edu.hzcu.yrx.demo.Schoolwork7ApplicationTests]: Schoolwork7ApplicationTests does not declare any static, non-private, non-final, nested classes annotated with @Configuration.
07:24:51.193 [main] INFO org.springframework.boot.test.context.SpringBootTestContextBootstrapper -- Found @SpringBootConfiguration cn.edu.hzcu.yrx.demo.Schoolwork7Application for test class cn.edu.hzcu.yrx.demo.Schoolwork7ApplicationTests

  .   ____          _            __ _ _
 /\\ / ___'_ __ _ _(_)_ __  __ _ \ \ \ \
( ( )\___ | '_ | '_| | '_ \/ _` | \ \ \ \
 \\/  ___)| |_)| | | | | || (_| |  ) ) ) )
  '  |____| .__|_| |_|_| |_\__, | / / / /
 =========|_|==============|___/=/_/_/_/

 :: Spring Boot ::                (v3.5.7)

2025-11-18T07:24:51.590Z  INFO 3914 --- [schoolwork7] [           main] c.e.h.y.d.Schoolwork7ApplicationTests    : Starting Schoolwork7ApplicationTests using Java 17.0.17 with PID 3914 (started by runner in /home/runner/work/StudentServicesweb/StudentServicesweb/schoolwork7)
2025-11-18T07:24:51.592Z  INFO 3914 --- [schoolwork7] [           main] c.e.h.y.d.Schoolwork7ApplicationTests    : No active profile set, falling back to 1 default profile: "default"
2025-11-18T07:24:52.714Z  INFO 3914 --- [schoolwork7] [           main] c.e.h.y.d.Schoolwork7ApplicationTests    : Started Schoolwork7ApplicationTests in 1.4 seconds (process running for 2.199)
2025-11-18T07:24:53.212Z  INFO 3914 --- [schoolwork7] [           main] c.e.hzcu.yrx.demo.aspect.LoggingAspect   : ==> 调用方法: clearAll, 参数: []
2025-11-18T07:24:53.214Z  INFO 3914 --- [schoolwork7] [           main] c.e.hzcu.yrx.demo.aspect.LoggingAspect   : <== 方法 clearAll 执行成功, 耗时: 0ms, 返回值: null
2025-11-18T07:24:53.217Z  INFO 3914 --- [schoolwork7] [           main] c.e.hzcu.yrx.demo.aspect.LoggingAspect   : ==> 调用方法: addStudent, 参数: [Student{sid=null, name='李四', tele='13900139000'}]
2025-11-18T07:24:53.217Z  INFO 3914 --- [schoolwork7] [           main] c.e.hzcu.yrx.demo.aspect.LoggingAspect   : <== 方法 addStudent 执行成功, 耗时: 0ms, 返回值: Student{sid=1, name='李四', tele='13900139000'}
2025-11-18T07:24:53.217Z  INFO 3914 --- [schoolwork7] [           main] c.e.hzcu.yrx.demo.aspect.LoggingAspect   : ==> 调用方法: findStudent, 参数: [1]
2025-11-18T07:24:53.218Z  INFO 3914 --- [schoolwork7] [           main] c.e.hzcu.yrx.demo.aspect.LoggingAspect   : <== 方法 findStudent 执行成功, 耗时: 1ms, 返回值: Student{sid=1, name='李四', tele='13900139000'}
2025-11-18T07:24:53.222Z  INFO 3914 --- [schoolwork7] [           main] c.e.hzcu.yrx.demo.aspect.LoggingAspect   : ==> 调用方法: clearAll, 参数: []
2025-11-18T07:24:53.222Z  INFO 3914 --- [schoolwork7] [           main] c.e.hzcu.yrx.demo.aspect.LoggingAspect   : <== 方法 clearAll 执行成功, 耗时: 0ms, 返回值: null
]]></system-out>
  </testcase>
  <testcase name="testFindStudentNotFound" classname="cn.edu.hzcu.yrx.demo.Schoolwork7ApplicationTests" time="0.012">
    <system-out><![CDATA[2025-11-18T07:24:53.241Z  INFO 3914 --- [schoolwork7] [           main] c.e.hzcu.yrx.demo.aspect.LoggingAspect   : ==> 调用方法: clearAll, 参数: []
2025-11-18T07:24:53.241Z  INFO 3914 --- [schoolwork7] [           main] c.e.hzcu.yrx.demo.aspect.LoggingAspect   : <== 方法 clearAll 执行成功, 耗时: 0ms, 返回值: null
2025-11-18T07:24:53.242Z  INFO 3914 --- [schoolwork7] [           main] c.e.hzcu.yrx.demo.aspect.LoggingAspect   : ==> 调用方法: findStudent, 参数: [999]
2025-11-18T07:24:53.243Z  WARN 3914 --- [schoolwork7] [           main] c.e.hzcu.yrx.demo.aspect.LoggingAspect   : !!! 方法 findStudent 抛出异常: StudentNotFoundException
2025-11-18T07:24:53.243Z ERROR 3914 --- [schoolwork7] [           main] c.e.hzcu.yrx.demo.aspect.LoggingAspect   : <== 方法 findStudent 执行失败, 耗时: 1ms, 异常: 学生未找到，学号: 999
2025-11-18T07:24:53.244Z  INFO 3914 --- [schoolwork7] [           main] c.e.hzcu.yrx.demo.aspect.LoggingAspect   : ==> 调用方法: clearAll, 参数: []
2025-11-18T07:24:53.244Z  INFO 3914 --- [schoolwork7] [           main] c.e.hzcu.yrx.demo.aspect.LoggingAspect   : <== 方法 clearAll 执行成功, 耗时: 0ms, 返回值: null
]]></system-out>
  </testcase>
  <testcase name="testFindAll" classname="cn.edu.hzcu.yrx.demo.Schoolwork7ApplicationTests" time="0.007">
    <system-out><![CDATA[2025-11-18T07:24:53.250Z  INFO 3914 --- [schoolwork7] [           main] c.e.hzcu.yrx.demo.aspect.LoggingAspect   : ==> 调用方法: clearAll, 参数: []
2025-11-18T07:24:53.250Z  INFO 3914 --- [schoolwork7] [           main] c.e.hzcu.yrx.demo.aspect.LoggingAspect   : <== 方法 clearAll 执行成功, 耗时: 0ms, 返回值: null
2025-11-18T07:24:53.251Z  INFO 3914 --- [schoolwork7] [           main] c.e.hzcu.yrx.demo.aspect.LoggingAspect   : ==> 调用方法: addStudent, 参数: [Student{sid=null, name='学生1', tele='13100131000'}]
2025-11-18T07:24:53.251Z  INFO 3914 --- [schoolwork7] [           main] c.e.hzcu.yrx.demo.aspect.LoggingAspect   : <== 方法 addStudent 执行成功, 耗时: 0ms, 返回值: Student{sid=1, name='学生1', tele='13100131000'}
2025-11-18T07:24:53.251Z  INFO 3914 --- [schoolwork7] [           main] c.e.hzcu.yrx.demo.aspect.LoggingAspect   : ==> 调用方法: addStudent, 参数: [Student{sid=null, name='学生2', tele='13200132000'}]
2025-11-18T07:24:53.251Z  INFO 3914 --- [schoolwork7] [           main] c.e.hzcu.yrx.demo.aspect.LoggingAspect   : <== 方法 addStudent 执行成功, 耗时: 0ms, 返回值: Student{sid=2, name='学生2', tele='13200132000'}
2025-11-18T07:24:53.252Z  INFO 3914 --- [schoolwork7] [           main] c.e.hzcu.yrx.demo.aspect.LoggingAspect   : ==> 调用方法: addStudent, 参数: [Student{sid=null, name='学生3', tele='13300133000'}]
2025-11-18T07:24:53.252Z  INFO 3914 --- [schoolwork7] [           main] c.e.hzcu.yrx.demo.aspect.LoggingAspect   : <== 方法 addStudent 执行成功, 耗时: 0ms, 返回值: Student{sid=3, name='学生3', tele='13300133000'}
2025-11-18T07:24:53.252Z  INFO 3914 --- [schoolwork7] [           main] c.e.hzcu.yrx.demo.aspect.LoggingAspect   : ==> 调用方法: findAll, 参数: []
2025-11-18T07:24:53.253Z  INFO 3914 --- [schoolwork7] [           main] c.e.hzcu.yrx.demo.aspect.LoggingAspect   : <== 方法 findAll 执行成功, 耗时: 1ms, 返回值: [Student{sid=1, name='学生1', tele='13100131000'}, Student{sid=2, name='学生2', tele='13200132000'}, Student{sid=3, name='学生3', tele='13300133000'}]
2025-11-18T07:24:53.253Z  INFO 3914 --- [schoolwork7] [           main] c.e.hzcu.yrx.demo.aspect.LoggingAspect   : ==> 调用方法: clearAll, 参数: []
2025-11-18T07:24:53.253Z  INFO 3914 --- [schoolwork7] [           main] c.e.hzcu.yrx.demo.aspect.LoggingAspect   : <== 方法 clearAll 执行成功, 耗时: 0ms, 返回值: null
]]></system-out>
  </testcase>
  <testcase name="testAddStudentWithInvalidData" classname="cn.edu.hzcu.yrx.demo.Schoolwork7ApplicationTests" time="0.009">
    <system-out><![CDATA[2025-11-18T07:24:53.259Z  INFO 3914 --- [schoolwork7] [           main] c.e.hzcu.yrx.demo.aspect.LoggingAspect   : ==> 调用方法: clearAll, 参数: []
2025-11-18T07:24:53.259Z  INFO 3914 --- [schoolwork7] [           main] c.e.hzcu.yrx.demo.aspect.LoggingAspect   : <== 方法 clearAll 执行成功, 耗时: 0ms, 返回值: null
2025-11-18T07:24:53.260Z  INFO 3914 --- [schoolwork7] [           main] c.e.hzcu.yrx.demo.aspect.LoggingAspect   : ==> 调用方法: addStudent, 参数: [null]
2025-11-18T07:24:53.261Z  WARN 3914 --- [schoolwork7] [           main] c.e.hzcu.yrx.demo.aspect.LoggingAspect   : !!! 方法 addStudent 抛出异常: InvalidStudentDataException
2025-11-18T07:24:53.261Z ERROR 3914 --- [schoolwork7] [           main] c.e.hzcu.yrx.demo.aspect.LoggingAspect   : <== 方法 addStudent 执行失败, 耗时: 1ms, 异常: 学生信息不能为空
2025-11-18T07:24:53.262Z  INFO 3914 --- [schoolwork7] [           main] c.e.hzcu.yrx.demo.aspect.LoggingAspect   : ==> 调用方法: addStudent, 参数: [Student{sid=null, name='', tele='13800138000'}]
2025-11-18T07:24:53.262Z  WARN 3914 --- [schoolwork7] [           main] c.e.hzcu.yrx.demo.aspect.LoggingAspect   : !!! 方法 addStudent 抛出异常: InvalidStudentDataException
2025-11-18T07:24:53.262Z ERROR 3914 --- [schoolwork7] [           main] c.e.hzcu.yrx.demo.aspect.LoggingAspect   : <== 方法 addStudent 执行失败, 耗时: 0ms, 异常: 学生姓名不能为空
2025-11-18T07:24:53.263Z  INFO 3914 --- [schoolwork7] [           main] c.e.hzcu.yrx.demo.aspect.LoggingAspect   : ==> 调用方法: addStudent, 参数: [Student{sid=null, name='张三', tele=''}]
2025-11-18T07:24:53.263Z  WARN 3914 --- [schoolwork7] [           main] c.e.hzcu.yrx.demo.aspect.LoggingAspect   : !!! 方法 addStudent 抛出异常: InvalidStudentDataException
2025-11-18T07:24:53.263Z ERROR 3914 --- [schoolwork7] [           main] c.e.hzcu.yrx.demo.aspect.LoggingAspect   : <== 方法 addStudent 执行失败, 耗时: 0ms, 异常: 学生电话不能为空
2025-11-18T07:24:53.264Z  INFO 3914 --- [schoolwork7] [           main] c.e.hzcu.yrx.demo.aspect.LoggingAspect   : ==> 调用方法: clearAll, 参数: []
2025-11-18T07:24:53.264Z  INFO 3914 --- [schoolwork7] [           main] c.e.hzcu.yrx.demo.aspect.LoggingAspect   : <== 方法 clearAll 执行成功, 耗时: 0ms, 返回值: null
]]></system-out>
  </testcase>
  <testcase name="testModifyStudent" classname="cn.edu.hzcu.yrx.demo.Schoolwork7ApplicationTests" time="0.012">
    <system-out><![CDATA[2025-11-18T07:24:53.269Z  INFO 3914 --- [schoolwork7] [           main] c.e.hzcu.yrx.demo.aspect.LoggingAspect   : ==> 调用方法: clearAll, 参数: []
2025-11-18T07:24:53.270Z  INFO 3914 --- [schoolwork7] [           main] c.e.hzcu.yrx.demo.aspect.LoggingAspect   : <== 方法 clearAll 执行成功, 耗时: 0ms, 返回值: null
2025-11-18T07:24:53.270Z  INFO 3914 --- [schoolwork7] [           main] c.e.hzcu.yrx.demo.aspect.LoggingAspect   : ==> 调用方法: addStudent, 参数: [Student{sid=null, name='王五', tele='13700137000'}]
2025-11-18T07:24:53.274Z  INFO 3914 --- [schoolwork7] [           main] c.e.hzcu.yrx.demo.aspect.LoggingAspect   : <== 方法 addStudent 执行成功, 耗时: 1ms, 返回值: Student{sid=1, name='王五', tele='13700137000'}
2025-11-18T07:24:53.274Z  INFO 3914 --- [schoolwork7] [           main] c.e.hzcu.yrx.demo.aspect.LoggingAspect   : ==> 调用方法: modifyStudent, 参数: [Student{sid=1, name='王五五', tele='13700137001'}]
2025-11-18T07:24:53.274Z  INFO 3914 --- [schoolwork7] [           main] c.e.hzcu.yrx.demo.aspect.LoggingAspect   : <== 方法 modifyStudent 执行成功, 耗时: 0ms, 返回值: Student{sid=1, name='王五五', tele='13700137001'}
2025-11-18T07:24:53.275Z  INFO 3914 --- [schoolwork7] [           main] c.e.hzcu.yrx.demo.aspect.LoggingAspect   : ==> 调用方法: findStudent, 参数: [1]
2025-11-18T07:24:53.275Z  INFO 3914 --- [schoolwork7] [           main] c.e.hzcu.yrx.demo.aspect.LoggingAspect   : <== 方法 findStudent 执行成功, 耗时: 0ms, 返回值: Student{sid=1, name='王五五', tele='13700137001'}
2025-11-18T07:24:53.275Z  INFO 3914 --- [schoolwork7] [           main] c.e.hzcu.yrx.demo.aspect.LoggingAspect   : ==> 调用方法: clearAll, 参数: []
2025-11-18T07:24:53.276Z  INFO 3914 --- [schoolwork7] [           main] c.e.hzcu.yrx.demo.aspect.LoggingAspect   : <== 方法 clearAll 执行成功, 耗时: 0ms, 返回值: null
]]></system-out>
  </testcase>
  <testcase name="testAddStudent" classname="cn.edu.hzcu.yrx.demo.Schoolwork7ApplicationTests" time="0.007">
    <system-out><![CDATA[2025-11-18T07:24:53.282Z  INFO 3914 --- [schoolwork7] [           main] c.e.hzcu.yrx.demo.aspect.LoggingAspect   : ==> 调用方法: clearAll, 参数: []
2025-11-18T07:24:53.282Z  INFO 3914 --- [schoolwork7] [           main] c.e.hzcu.yrx.demo.aspect.LoggingAspect   : <== 方法 clearAll 执行成功, 耗时: 0ms, 返回值: null
2025-11-18T07:24:53.283Z  INFO 3914 --- [schoolwork7] [           main] c.e.hzcu.yrx.demo.aspect.LoggingAspect   : ==> 调用方法: addStudent, 参数: [Student{sid=null, name='张三', tele='13800138000'}]
2025-11-18T07:24:53.283Z  INFO 3914 --- [schoolwork7] [           main] c.e.hzcu.yrx.demo.aspect.LoggingAspect   : <== 方法 addStudent 执行成功, 耗时: 0ms, 返回值: Student{sid=1, name='张三', tele='13800138000'}
2025-11-18T07:24:53.283Z  INFO 3914 --- [schoolwork7] [           main] c.e.hzcu.yrx.demo.aspect.LoggingAspect   : ==> 调用方法: findAll, 参数: []
2025-11-18T07:24:53.283Z  INFO 3914 --- [schoolwork7] [           main] c.e.hzcu.yrx.demo.aspect.LoggingAspect   : <== 方法 findAll 执行成功, 耗时: 0ms, 返回值: [Student{sid=1, name='张三', tele='13800138000'}]
2025-11-18T07:24:53.284Z  INFO 3914 --- [schoolwork7] [           main] c.e.hzcu.yrx.demo.aspect.LoggingAspect   : ==> 调用方法: clearAll, 参数: []
2025-11-18T07:24:53.285Z  INFO 3914 --- [schoolwork7] [           main] c.e.hzcu.yrx.demo.aspect.LoggingAspect   : <== 方法 clearAll 执行成功, 耗时: 1ms, 返回值: null
]]></system-out>
  </testcase>
  <testcase name="testDeleteStudent" classname="cn.edu.hzcu.yrx.demo.Schoolwork7ApplicationTests" time="0.008">
    <system-out><![CDATA[2025-11-18T07:24:53.290Z  INFO 3914 --- [schoolwork7] [           main] c.e.hzcu.yrx.demo.aspect.LoggingAspect   : ==> 调用方法: clearAll, 参数: []
2025-11-18T07:24:53.290Z  INFO 3914 --- [schoolwork7] [           main] c.e.hzcu.yrx.demo.aspect.LoggingAspect   : <== 方法 clearAll 执行成功, 耗时: 0ms, 返回值: null
2025-11-18T07:24:53.291Z  INFO 3914 --- [schoolwork7] [           main] c.e.hzcu.yrx.demo.aspect.LoggingAspect   : ==> 调用方法: addStudent, 参数: [Student{sid=null, name='周八', tele='13400134000'}]
2025-11-18T07:24:53.291Z  INFO 3914 --- [schoolwork7] [           main] c.e.hzcu.yrx.demo.aspect.LoggingAspect   : <== 方法 addStudent 执行成功, 耗时: 0ms, 返回值: Student{sid=1, name='周八', tele='13400134000'}
2025-11-18T07:24:53.291Z  INFO 3914 --- [schoolwork7] [           main] c.e.hzcu.yrx.demo.aspect.LoggingAspect   : ==> 调用方法: deleteStudent, 参数: [1]
2025-11-18T07:24:53.292Z  INFO 3914 --- [schoolwork7] [           main] c.e.hzcu.yrx.demo.aspect.LoggingAspect   : <== 方法 deleteStudent 执行成功, 耗时: 1ms, 返回值: null
2025-11-18T07:24:53.292Z  INFO 3914 --- [schoolwork7] [           main] c.e.hzcu.yrx.demo.aspect.LoggingAspect   : ==> 调用方法: findAll, 参数: []
2025-11-18T07:24:53.292Z  INFO 3914 --- [schoolwork7] [           main] c.e.hzcu.yrx.demo.aspect.LoggingAspect   : <== 方法 findAll 执行成功, 耗时: 0ms, 返回值: []
2025-11-18T07:24:53.292Z  INFO 3914 --- [schoolwork7] [           main] c.e.hzcu.yrx.demo.aspect.LoggingAspect   : ==> 调用方法: findStudent, 参数: [1]
2025-11-18T07:24:53.293Z  WARN 3914 --- [schoolwork7] [           main] c.e.hzcu.yrx.demo.aspect.LoggingAspect   : !!! 方法 findStudent 抛出异常: StudentNotFoundException
2025-11-18T07:24:53.293Z ERROR 3914 --- [schoolwork7] [           main] c.e.hzcu.yrx.demo.aspect.LoggingAspect   : <== 方法 findStudent 执行失败, 耗时: 0ms, 异常: 学生未找到，学号: 1
2025-11-18T07:24:53.294Z  INFO 3914 --- [schoolwork7] [           main] c.e.hzcu.yrx.demo.aspect.LoggingAspect   : ==> 调用方法: clearAll, 参数: []
2025-11-18T07:24:53.294Z  INFO 3914 --- [schoolwork7] [           main] c.e.hzcu.yrx.demo.aspect.LoggingAspect   : <== 方法 clearAll 执行成功, 耗时: 0ms, 返回值: null
]]></system-out>
  </testcase>
  <testcase name="testDeleteStudentNotFound" classname="cn.edu.hzcu.yrx.demo.Schoolwork7ApplicationTests" time="0.006">
    <system-out><![CDATA[2025-11-18T07:24:53.299Z  INFO 3914 --- [schoolwork7] [           main] c.e.hzcu.yrx.demo.aspect.LoggingAspect   : ==> 调用方法: clearAll, 参数: []
2025-11-18T07:24:53.299Z  INFO 3914 --- [schoolwork7] [           main] c.e.hzcu.yrx.demo.aspect.LoggingAspect   : <== 方法 clearAll 执行成功, 耗时: 0ms, 返回值: null
2025-11-18T07:24:53.300Z  INFO 3914 --- [schoolwork7] [           main] c.e.hzcu.yrx.demo.aspect.LoggingAspect   : ==> 调用方法: deleteStudent, 参数: [999]
2025-11-18T07:24:53.300Z  WARN 3914 --- [schoolwork7] [           main] c.e.hzcu.yrx.demo.aspect.LoggingAspect   : !!! 方法 deleteStudent 抛出异常: StudentNotFoundException
2025-11-18T07:24:53.300Z ERROR 3914 --- [schoolwork7] [           main] c.e.hzcu.yrx.demo.aspect.LoggingAspect   : <== 方法 deleteStudent 执行失败, 耗时: 0ms, 异常: 学生未找到，学号: 999
2025-11-18T07:24:53.301Z  INFO 3914 --- [schoolwork7] [           main] c.e.hzcu.yrx.demo.aspect.LoggingAspect   : ==> 调用方法: clearAll, 参数: []
2025-11-18T07:24:53.301Z  INFO 3914 --- [schoolwork7] [           main] c.e.hzcu.yrx.demo.aspect.LoggingAspect   : <== 方法 clearAll 执行成功, 耗时: 0ms, 返回值: null
]]></system-out>
  </testcase>
  <testcase name="testDeleteStudentWithNullId" classname="cn.edu.hzcu.yrx.demo.Schoolwork7ApplicationTests" time="0.006">
    <system-out><![CDATA[2025-11-18T07:24:53.307Z  INFO 3914 --- [schoolwork7] [           main] c.e.hzcu.yrx.demo.aspect.LoggingAspect   : ==> 调用方法: clearAll, 参数: []
2025-11-18T07:24:53.307Z  INFO 3914 --- [schoolwork7] [           main] c.e.hzcu.yrx.demo.aspect.LoggingAspect   : <== 方法 clearAll 执行成功, 耗时: 0ms, 返回值: null
2025-11-18T07:24:53.308Z  INFO 3914 --- [schoolwork7] [           main] c.e.hzcu.yrx.demo.aspect.LoggingAspect   : ==> 调用方法: deleteStudent, 参数: [null]
2025-11-18T07:24:53.308Z  WARN 3914 --- [schoolwork7] [           main] c.e.hzcu.yrx.demo.aspect.LoggingAspect   : !!! 方法 deleteStudent 抛出异常: InvalidStudentDataException
2025-11-18T07:24:53.308Z ERROR 3914 --- [schoolwork7] [           main] c.e.hzcu.yrx.demo.aspect.LoggingAspect   : <== 方法 deleteStudent 执行失败, 耗时: 0ms, 异常: 学号不能为空
2025-11-18T07:24:53.309Z  INFO 3914 --- [schoolwork7] [           main] c.e.hzcu.yrx.demo.aspect.LoggingAspect   : ==> 调用方法: clearAll, 参数: []
2025-11-18T07:24:53.309Z  INFO 3914 --- [schoolwork7] [           main] c.e.hzcu.yrx.demo.aspect.LoggingAspect   : <== 方法 clearAll 执行成功, 耗时: 0ms, 返回值: null
]]></system-out>
  </testcase>
  <testcase name="testCRUDOperations" classname="cn.edu.hzcu.yrx.demo.Schoolwork7ApplicationTests" time="0.012">
    <system-out><![CDATA[2025-11-18T07:24:53.315Z  INFO 3914 --- [schoolwork7] [           main] c.e.hzcu.yrx.demo.aspect.LoggingAspect   : ==> 调用方法: clearAll, 参数: []
2025-11-18T07:24:53.315Z  INFO 3914 --- [schoolwork7] [           main] c.e.hzcu.yrx.demo.aspect.LoggingAspect   : <== 方法 clearAll 执行成功, 耗时: 0ms, 返回值: null
2025-11-18T07:24:53.315Z  INFO 3914 --- [schoolwork7] [           main] c.e.hzcu.yrx.demo.aspect.LoggingAspect   : ==> 调用方法: addStudent, 参数: [Student{sid=null, name='测试1', tele='11111111111'}]
2025-11-18T07:24:53.315Z  INFO 3914 --- [schoolwork7] [           main] c.e.hzcu.yrx.demo.aspect.LoggingAspect   : <== 方法 addStudent 执行成功, 耗时: 0ms, 返回值: Student{sid=1, name='测试1', tele='11111111111'}
2025-11-18T07:24:53.316Z  INFO 3914 --- [schoolwork7] [           main] c.e.hzcu.yrx.demo.aspect.LoggingAspect   : ==> 调用方法: addStudent, 参数: [Student{sid=null, name='测试2', tele='22222222222'}]
2025-11-18T07:24:53.316Z  INFO 3914 --- [schoolwork7] [           main] c.e.hzcu.yrx.demo.aspect.LoggingAspect   : <== 方法 addStudent 执行成功, 耗时: 0ms, 返回值: Student{sid=2, name='测试2', tele='22222222222'}
2025-11-18T07:24:53.316Z  INFO 3914 --- [schoolwork7] [           main] c.e.hzcu.yrx.demo.aspect.LoggingAspect   : ==> 调用方法: findAll, 参数: []
2025-11-18T07:24:53.316Z  INFO 3914 --- [schoolwork7] [           main] c.e.hzcu.yrx.demo.aspect.LoggingAspect   : <== 方法 findAll 执行成功, 耗时: 0ms, 返回值: [Student{sid=1, name='测试1', tele='11111111111'}, Student{sid=2, name='测试2', tele='22222222222'}]
2025-11-18T07:24:53.317Z  INFO 3914 --- [schoolwork7] [           main] c.e.hzcu.yrx.demo.aspect.LoggingAspect   : ==> 调用方法: findStudent, 参数: [1]
2025-11-18T07:24:53.317Z  INFO 3914 --- [schoolwork7] [           main] c.e.hzcu.yrx.demo.aspect.LoggingAspect   : <== 方法 findStudent 执行成功, 耗时: 0ms, 返回值: Student{sid=1, name='测试1', tele='11111111111'}
2025-11-18T07:24:53.318Z  INFO 3914 --- [schoolwork7] [           main] c.e.hzcu.yrx.demo.aspect.LoggingAspect   : ==> 调用方法: modifyStudent, 参数: [Student{sid=1, name='测试1修改', tele='11111111110'}]
2025-11-18T07:24:53.318Z  INFO 3914 --- [schoolwork7] [           main] c.e.hzcu.yrx.demo.aspect.LoggingAspect   : <== 方法 modifyStudent 执行成功, 耗时: 0ms, 返回值: Student{sid=1, name='测试1修改', tele='11111111110'}
2025-11-18T07:24:53.318Z  INFO 3914 --- [schoolwork7] [           main] c.e.hzcu.yrx.demo.aspect.LoggingAspect   : ==> 调用方法: findStudent, 参数: [1]
2025-11-18T07:24:53.319Z  INFO 3914 --- [schoolwork7] [           main] c.e.hzcu.yrx.demo.aspect.LoggingAspect   : <== 方法 findStudent 执行成功, 耗时: 1ms, 返回值: Student{sid=1, name='测试1修改', tele='11111111110'}
2025-11-18T07:24:53.319Z  INFO 3914 --- [schoolwork7] [           main] c.e.hzcu.yrx.demo.aspect.LoggingAspect   : ==> 调用方法: deleteStudent, 参数: [2]
2025-11-18T07:24:53.319Z  INFO 3914 --- [schoolwork7] [           main] c.e.hzcu.yrx.demo.aspect.LoggingAspect   : <== 方法 deleteStudent 执行成功, 耗时: 0ms, 返回值: null
2025-11-18T07:24:53.319Z  INFO 3914 --- [schoolwork7] [           main] c.e.hzcu.yrx.demo.aspect.LoggingAspect   : ==> 调用方法: findAll, 参数: []
2025-11-18T07:24:53.319Z  INFO 3914 --- [schoolwork7] [           main] c.e.hzcu.yrx.demo.aspect.LoggingAspect   : <== 方法 findAll 执行成功, 耗时: 0ms, 返回值: [Student{sid=1, name='测试1修改', tele='11111111110'}]
2025-11-18T07:24:53.320Z  INFO 3914 --- [schoolwork7] [           main] c.e.hzcu.yrx.demo.aspect.LoggingAspect   : ==> 调用方法: findStudent, 参数: [2]
2025-11-18T07:24:53.320Z  WARN 3914 --- [schoolwork7] [           main] c.e.hzcu.yrx.demo.aspect.LoggingAspect   : !!! 方法 findStudent 抛出异常: StudentNotFoundException
2025-11-18T07:24:53.321Z ERROR 3914 --- [schoolwork7] [           main] c.e.hzcu.yrx.demo.aspect.LoggingAspect   : <== 方法 findStudent 执行失败, 耗时: 1ms, 异常: 学生未找到，学号: 2
2025-11-18T07:24:53.322Z  INFO 3914 --- [schoolwork7] [           main] c.e.hzcu.yrx.demo.aspect.LoggingAspect   : ==> 调用方法: clearAll, 参数: []
2025-11-18T07:24:53.322Z  INFO 3914 --- [schoolwork7] [           main] c.e.hzcu.yrx.demo.aspect.LoggingAspect   : <== 方法 clearAll 执行成功, 耗时: 0ms, 返回值: null
]]></system-out>
  </testcase>
  <testcase name="testModifyStudentWithInvalidData" classname="cn.edu.hzcu.yrx.demo.Schoolwork7ApplicationTests" time="0.006">
    <system-out><![CDATA[2025-11-18T07:24:53.327Z  INFO 3914 --- [schoolwork7] [           main] c.e.hzcu.yrx.demo.aspect.LoggingAspect   : ==> 调用方法: clearAll, 参数: []
2025-11-18T07:24:53.327Z  INFO 3914 --- [schoolwork7] [           main] c.e.hzcu.yrx.demo.aspect.LoggingAspect   : <== 方法 clearAll 执行成功, 耗时: 0ms, 返回值: null
2025-11-18T07:24:53.328Z  INFO 3914 --- [schoolwork7] [           main] c.e.hzcu.yrx.demo.aspect.LoggingAspect   : ==> 调用方法: addStudent, 参数: [Student{sid=null, name='孙七', tele='13500135000'}]
2025-11-18T07:24:53.328Z  INFO 3914 --- [schoolwork7] [           main] c.e.hzcu.yrx.demo.aspect.LoggingAspect   : <== 方法 addStudent 执行成功, 耗时: 0ms, 返回值: Student{sid=1, name='孙七', tele='13500135000'}
2025-11-18T07:24:53.328Z  INFO 3914 --- [schoolwork7] [           main] c.e.hzcu.yrx.demo.aspect.LoggingAspect   : ==> 调用方法: modifyStudent, 参数: [Student{sid=1, name='', tele='13500135000'}]
2025-11-18T07:24:53.328Z  WARN 3914 --- [schoolwork7] [           main] c.e.hzcu.yrx.demo.aspect.LoggingAspect   : !!! 方法 modifyStudent 抛出异常: InvalidStudentDataException
2025-11-18T07:24:53.329Z ERROR 3914 --- [schoolwork7] [           main] c.e.hzcu.yrx.demo.aspect.LoggingAspect   : <== 方法 modifyStudent 执行失败, 耗时: 1ms, 异常: 学生姓名不能为空
2025-11-18T07:24:53.330Z  INFO 3914 --- [schoolwork7] [           main] c.e.hzcu.yrx.demo.aspect.LoggingAspect   : ==> 调用方法: clearAll, 参数: []
2025-11-18T07:24:53.330Z  INFO 3914 --- [schoolwork7] [           main] c.e.hzcu.yrx.demo.aspect.LoggingAspect   : <== 方法 clearAll 执行成功, 耗时: 0ms, 返回值: null
]]></system-out>
  </testcase>
  <testcase name="contextLoads" classname="cn.edu.hzcu.yrx.demo.Schoolwork7ApplicationTests" time="0.006">
    <system-out><![CDATA[2025-11-18T07:24:53.336Z  INFO 3914 --- [schoolwork7] [           main] c.e.hzcu.yrx.demo.aspect.LoggingAspect   : ==> 调用方法: clearAll, 参数: []
2025-11-18T07:24:53.336Z  INFO 3914 --- [schoolwork7] [           main] c.e.hzcu.yrx.demo.aspect.LoggingAspect   : <== 方法 clearAll 执行成功, 耗时: 0ms, 返回值: null
2025-11-18T07:24:53.337Z  INFO 3914 --- [schoolwork7] [           main] c.e.hzcu.yrx.demo.aspect.LoggingAspect   : ==> 调用方法: clearAll, 参数: []
2025-11-18T07:24:53.338Z  INFO 3914 --- [schoolwork7] [           main] c.e.hzcu.yrx.demo.aspect.LoggingAspect   : <== 方法 clearAll 执行成功, 耗时: 0ms, 返回值: null
]]></system-out>
  </testcase>
  <testcase name="testModifyStudentNotFound" classname="cn.edu.hzcu.yrx.demo.Schoolwork7ApplicationTests" time="0.004">
    <system-out><![CDATA[2025-11-18T07:24:53.342Z  INFO 3914 --- [schoolwork7] [           main] c.e.hzcu.yrx.demo.aspect.LoggingAspect   : ==> 调用方法: clearAll, 参数: []
2025-11-18T07:24:53.342Z  INFO 3914 --- [schoolwork7] [           main] c.e.hzcu.yrx.demo.aspect.LoggingAspect   : <== 方法 clearAll 执行成功, 耗时: 0ms, 返回值: null
2025-11-18T07:24:53.343Z  INFO 3914 --- [schoolwork7] [           main] c.e.hzcu.yrx.demo.aspect.LoggingAspect   : ==> 调用方法: modifyStudent, 参数: [Student{sid=999, name='赵六', tele='13600136000'}]
2025-11-18T07:24:53.343Z  WARN 3914 --- [schoolwork7] [           main] c.e.hzcu.yrx.demo.aspect.LoggingAspect   : !!! 方法 modifyStudent 抛出异常: StudentNotFoundException
2025-11-18T07:24:53.343Z ERROR 3914 --- [schoolwork7] [           main] c.e.hzcu.yrx.demo.aspect.LoggingAspect   : <== 方法 modifyStudent 执行失败, 耗时: 0ms, 异常: 学生未找到，学号: 999
2025-11-18T07:24:53.344Z  INFO 3914 --- [schoolwork7] [           main] c.e.hzcu.yrx.demo.aspect.LoggingAspect   : ==> 调用方法: clearAll, 参数: []
2025-11-18T07:24:53.344Z  INFO 3914 --- [schoolwork7] [           main] c.e.hzcu.yrx.demo.aspect.LoggingAspect   : <== 方法 clearAll 执行成功, 耗时: 0ms, 返回值: null
]]></system-out>
  </testcase>
</testsuite>